2020-03-17 16:46:28,396 INFO o.s.b.StartupInfoLogger [restartedMain] Starting PayrollServiceApplication on EBISD0703019 with PID 18112 (started by ENAT BANK in C:\Users\ENAT BANK\Downloads\Compressed\payrollservice)
2020-03-17 16:46:28,408 INFO o.s.b.SpringApplication [restartedMain] No active profile set, falling back to default profiles: default
2020-03-17 16:46:28,456 INFO o.s.b.l.DeferredLog [restartedMain] The Class-Path manifest attribute in C:\Users\ENAT BANK\.m2\repository\org\glassfish\jaxb\jaxb-runtime\2.3.2\jaxb-runtime-2.3.2.jar referenced one or more files that do not exist: file:/C:/Users/ENAT%20BANK/.m2/repository/org/glassfish/jaxb/jaxb-runtime/2.3.2/jakarta.xml.bind-api-2.3.2.jar,file:/C:/Users/ENAT%20BANK/.m2/repository/org/glassfish/jaxb/jaxb-runtime/2.3.2/txw2-2.3.2.jar,file:/C:/Users/ENAT%20BANK/.m2/repository/org/glassfish/jaxb/jaxb-runtime/2.3.2/istack-commons-runtime-3.0.8.jar,file:/C:/Users/ENAT%20BANK/.m2/repository/org/glassfish/jaxb/jaxb-runtime/2.3.2/stax-ex-1.8.1.jar,file:/C:/Users/ENAT%20BANK/.m2/repository/org/glassfish/jaxb/jaxb-runtime/2.3.2/FastInfoset-1.2.16.jar,file:/C:/Users/ENAT%20BANK/.m2/repository/org/glassfish/jaxb/jaxb-runtime/2.3.2/jakarta.activation-api-1.2.1.jar
2020-03-17 16:46:28,457 INFO o.s.b.l.DeferredLog [restartedMain] The Class-Path manifest attribute in C:\Users\ENAT BANK\.m2\repository\com\oracle\ojdbc\ojdbc8\19.3.0.0\ojdbc8-19.3.0.0.jar referenced one or more files that do not exist: file:/C:/Users/ENAT%20BANK/.m2/repository/com/oracle/ojdbc/ojdbc8/19.3.0.0/oraclepki.jar
2020-03-17 16:46:28,457 INFO o.s.b.l.DeferredLog [restartedMain] The Class-Path manifest attribute in C:\Users\ENAT BANK\.m2\repository\com\oracle\ojdbc\oraclepki\19.3.0.0\oraclepki-19.3.0.0.jar referenced one or more files that do not exist: file:/C:/Users/ENAT%20BANK/.m2/repository/com/oracle/ojdbc/oraclepki/19.3.0.0/osdt_core.jar,file:/C:/Users/ENAT%20BANK/.m2/repository/com/oracle/ojdbc/oraclepki/19.3.0.0/osdt_cert.jar,file:/C:/Users/ENAT%20BANK/.m2/repository/com/oracle/ojdbc/oraclepki/oracle.osdt/osdt_core.jar,file:/C:/Users/ENAT%20BANK/.m2/repository/com/oracle/ojdbc/oraclepki/oracle.osdt/osdt_cert.jar
2020-03-17 16:46:28,457 INFO o.s.b.l.DeferredLog [restartedMain] Devtools property defaults active! Set 'spring.devtools.add-properties' to 'false' to disable
2020-03-17 16:46:28,458 INFO o.s.b.l.DeferredLog [restartedMain] For additional web related logging consider setting the 'logging.level.web' property to 'DEBUG'
2020-03-17 16:46:29,313 INFO o.s.d.r.c.RepositoryConfigurationDelegate [restartedMain] Bootstrapping Spring Data JPA repositories in DEFAULT mode.
2020-03-17 16:46:29,406 INFO o.s.d.r.c.RepositoryConfigurationDelegate [restartedMain] Finished Spring Data repository scanning in 83ms. Found 5 JPA repository interfaces.
2020-03-17 16:46:29,960 INFO o.s.b.w.e.t.TomcatWebServer [restartedMain] Tomcat initialized with port(s): 8081 (http)
2020-03-17 16:46:29,968 INFO o.a.j.l.DirectJDKLog [restartedMain] Initializing ProtocolHandler ["http-nio-8081"]
2020-03-17 16:46:29,969 INFO o.a.j.l.DirectJDKLog [restartedMain] Starting service [Tomcat]
2020-03-17 16:46:29,970 INFO o.a.j.l.DirectJDKLog [restartedMain] Starting Servlet engine: [Apache Tomcat/9.0.31]
2020-03-17 16:46:30,094 INFO o.a.j.l.DirectJDKLog [restartedMain] Initializing Spring embedded WebApplicationContext
2020-03-17 16:46:30,094 INFO o.s.b.w.s.c.ServletWebServerApplicationContext [restartedMain] Root WebApplicationContext: initialization completed in 1636 ms
2020-03-17 16:46:30,307 INFO o.h.j.i.u.LogHelper [restartedMain] HHH000204: Processing PersistenceUnitInfo [name: default]
2020-03-17 16:46:30,365 INFO o.h.Version [restartedMain] HHH000412: Hibernate ORM core version 5.4.12.Final
2020-03-17 16:46:30,463 INFO o.h.a.c.r.j.JavaReflectionManager [restartedMain] HCANN000001: Hibernate Commons Annotations {5.1.0.Final}
2020-03-17 16:46:30,543 INFO c.z.h.HikariDataSource [restartedMain] HikariPool-1 - Starting...
2020-03-17 16:46:30,545 WARN c.z.h.u.DriverDataSource [restartedMain] Registered driver with driverClassName=oracle.jdbc.driver.OracleDriver was not found, trying direct instantiation.
2020-03-17 16:46:31,031 INFO c.z.h.HikariDataSource [restartedMain] HikariPool-1 - Start completed.
2020-03-17 16:46:31,048 INFO o.h.d.Dialect [restartedMain] HHH000400: Using dialect: org.hibernate.dialect.Oracle12cDialect
2020-03-17 16:46:32,052 INFO o.h.e.t.j.p.i.JtaPlatformInitiator [restartedMain] HHH000490: Using JtaPlatform implementation: [org.hibernate.engine.transaction.jta.platform.internal.NoJtaPlatform]
2020-03-17 16:46:32,059 INFO o.s.o.j.AbstractEntityManagerFactoryBean [restartedMain] Initialized JPA EntityManagerFactory for persistence unit 'default'
2020-03-17 16:46:32,086 INFO o.s.b.d.a.OptionalLiveReloadServer [restartedMain] LiveReload server is running on port 35729
2020-03-17 16:46:32,415 WARN o.s.b.a.o.j.JpaBaseConfiguration$JpaWebConfiguration [restartedMain] spring.jpa.open-in-view is enabled by default. Therefore, database queries may be performed during view rendering. Explicitly configure spring.jpa.open-in-view to disable this warning
2020-03-17 16:46:32,772 INFO o.s.s.c.ExecutorConfigurationSupport [restartedMain] Initializing ExecutorService 'applicationTaskExecutor'
2020-03-17 16:46:33,336 INFO o.a.j.l.DirectJDKLog [restartedMain] Starting ProtocolHandler ["http-nio-8081"]
2020-03-17 16:46:33,352 INFO o.s.b.w.e.t.TomcatWebServer [restartedMain] Tomcat started on port(s): 8081 (http) with context path ''
2020-03-17 16:46:33,354 INFO o.s.b.StartupInfoLogger [restartedMain] Started PayrollServiceApplication in 5.395 seconds (JVM running for 6.753)
2020-03-17 16:46:49,210 INFO o.a.j.l.DirectJDKLog [http-nio-8081-exec-3] Initializing Spring DispatcherServlet 'dispatcherServlet'
2020-03-17 16:46:49,210 INFO o.s.w.s.FrameworkServlet [http-nio-8081-exec-3] Initializing Servlet 'dispatcherServlet'
2020-03-17 16:46:49,216 INFO o.s.w.s.FrameworkServlet [http-nio-8081-exec-3] Completed initialization in 5 ms
2020-03-17 18:17:33,744 WARN c.z.h.p.HikariPool$HouseKeeper [HikariPool-1 housekeeper] HikariPool-1 - Thread starvation or clock leap detected (housekeeper delta=1h10m32s620ms797µs100ns).
